[debug] [2023-03-09T10:57:39.041Z] ----------------------------------------------------------------------
[debug] [2023-03-09T10:57:39.043Z] Command:       C:\Program Files\nodejs\node.exe C:\Users\nakul\AppData\Roaming\npm\node_modules\firebase-tools\lib\bin\firebase.js init
[debug] [2023-03-09T10:57:39.044Z] CLI Version:   11.24.1
[debug] [2023-03-09T10:57:39.044Z] Platform:      win32
[debug] [2023-03-09T10:57:39.044Z] Node Version:  v16.16.0
[debug] [2023-03-09T10:57:39.045Z] Time:          Thu Mar 09 2023 16:27:39 GMT+0530 (India Standard Time)
[debug] [2023-03-09T10:57:39.045Z] ----------------------------------------------------------------------
[debug] 
[debug] [2023-03-09T10:57:39.127Z] > command requires scopes: ["email","openid","https://www.googleapis.com/auth/cloudplatformprojects.readonly","https://www.googleapis.com/auth/firebase","https://www.googleapis.com/auth/cloud-platform"]
[debug] [2023-03-09T10:57:39.127Z] > authorizing via signed-in user (nakulverma.itcodeinfotech@gmail.com)
[info] 
     ######## #### ########  ######## ########     ###     ######  ########
     ##        ##  ##     ## ##       ##     ##  ##   ##  ##       ##
     ######    ##  ########  ######   ########  #########  ######  ######
     ##        ##  ##    ##  ##       ##     ## ##     ##       ## ##
     ##       #### ##     ## ######## ########  ##     ##  ######  ########

You're about to initialize a Firebase project in this directory:

  C:\Users\nakul\Desktop\angular\App_6jan

Before we get started, keep in mind:

  * You are initializing within an existing Firebase project directory

[info] 
=== Project Setup
[info] 
[info] First, let's associate this project directory with a Firebase project.
[info] You can create multiple project aliases by running firebase use --add, 
[info] but for now we'll just set up a default project.
[info] 
[debug] [2023-03-09T10:57:45.141Z] Using project from CLI flag: dynamicform11
[debug] [2023-03-09T10:57:45.144Z] >>> [apiv2][query] GET https://firebase.googleapis.com/v1beta1/projects/dynamicform11 [none]
[debug] [2023-03-09T10:57:45.631Z] <<< [apiv2][status] GET https://firebase.googleapis.com/v1beta1/projects/dynamicform11 200
[debug] [2023-03-09T10:57:45.631Z] <<< [apiv2][body] GET https://firebase.googleapis.com/v1beta1/projects/dynamicform11 {"projectId":"dynamicform11","projectNumber":"129087414868","displayName":"DynamicForm11","name":"projects/dynamicform11","resources":{"hostingSite":"dynamicform11"},"state":"ACTIVE","etag":"1_4ec6372e-7857-4017-854e-7be19c17d663"}
[info] i  Using project dynamicform11 (DynamicForm11) 
[info] 
=== Hosting Setup
[info] 
[info] Your public directory is the folder (relative to your project directory) that
[info] will contain Hosting assets to be uploaded with firebase deploy. If you
[info] have a build process for your assets, use your build's output directory.
[info] 
[debug] [2023-03-09T10:57:58.003Z] >>> [apiv2][query] GET https://www.gstatic.com/firebasejs/releases.json [none]
[debug] [2023-03-09T10:57:58.172Z] <<< [apiv2][status] GET https://www.gstatic.com/firebasejs/releases.json 200
[debug] [2023-03-09T10:57:58.172Z] <<< [apiv2][body] GET https://www.gstatic.com/firebasejs/releases.json {"current":{"version":"9.17.2","browserURL":"https://www.gstatic.com/firebasejs/9.17.2/firebase.js","packageURL":"https://www.gstatic.com/firebasejs/9.17.2/firebase.tgz"},"live":{"version":"9.17","browserURL":"https://www.gstatic.com/firebasejs/live/9.17/firebase.js","packageURL":"https://www.gstatic.com/firebasejs/live/9.17/firebase.tgz"},"components":{"analytics":"https://www.gstatic.com/firebasejs/9.17.2/firebase-analytics.js","app":"https://www.gstatic.com/firebasejs/9.17.2/firebase-app.js","app-check":"https://www.gstatic.com/firebasejs/9.17.2/firebase-app-check.js","auth":"https://www.gstatic.com/firebasejs/9.17.2/firebase-auth.js","auth/cordova":"https://www.gstatic.com/firebasejs/9.17.2/firebase-auth/cordova.js","auth/react-native":"https://www.gstatic.com/firebasejs/9.17.2/firebase-auth/react-native.js","functions":"https://www.gstatic.com/firebasejs/9.17.2/firebase-functions.js","firestore":"https://www.gstatic.com/firebasejs/9.17.2/firebase-firestore.js","firestore/lite":"https://www.gstatic.com/firebasejs/9.17.2/firebase-firestore/lite.js","installations":"https://www.gstatic.com/firebasejs/9.17.2/firebase-installations.js","storage":"https://www.gstatic.com/firebasejs/9.17.2/firebase-storage.js","performance":"https://www.gstatic.com/firebasejs/9.17.2/firebase-performance.js","remote-config":"https://www.gstatic.com/firebasejs/9.17.2/firebase-remote-config.js","messaging":"https://www.gstatic.com/firebasejs/9.17.2/firebase-messaging.js","messaging/sw":"https://www.gstatic.com/firebasejs/9.17.2/firebase-messaging/sw.js","database":"https://www.gstatic.com/firebasejs/9.17.2/firebase-database.js","firestore.memory":"https://www.gstatic.com/firebasejs/9.17.2/firebase-firestore.memory.js"}}
[info] +  Wrote dist/index.html 
[info] 
[info] i  Detected a .git folder at C:\Users\nakul\Desktop\angular\App_6jan 
[info] i  Authorizing with GitHub to upload your service account to a GitHub repository's secrets store. 
[info] 
[info] Visit this URL on this device to log in:
[info] https://github.com/login/oauth/authorize?client_id=89cf50f02ac6aaed3484&state=923724725&redirect_uri=http%3A%2F%2Flocalhost%3A9005&scope=read%3Auser%20repo%20public_repo
[info] 
[info] Waiting for authentication...
[debug] [2023-03-09T10:58:02.762Z] >>> [apiv2][query] POST https://github.com/login/oauth/access_token [none]
[debug] [2023-03-09T10:58:02.763Z] >>> [apiv2][body] POST https://github.com/login/oauth/access_token [stream]
[debug] [2023-03-09T10:58:03.242Z] <<< [apiv2][status] POST https://github.com/login/oauth/access_token 200
[debug] [2023-03-09T10:58:03.242Z] <<< [apiv2][body] POST https://github.com/login/oauth/access_token {"access_token":"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","token_type":"bearer","scope":"read:user,repo"}
[debug] [2023-03-09T10:58:03.261Z] >>> [apiv2][query] GET https://api.github.com/user [none]
[debug] [2023-03-09T10:58:03.702Z] <<< [apiv2][status] GET https://api.github.com/user 200
[debug] [2023-03-09T10:58:03.703Z] <<< [apiv2][body] GET https://api.github.com/user {"login":"nakulverma11","id":123160941,"node_id":"U_kgDOB1dJbQ","avatar_url":"https://avatars.githubusercontent.com/u/123160941?v=4","gravatar_id":"","url":"https://api.github.com/users/nakulverma11","html_url":"https://github.com/nakulverma11","followers_url":"https://api.github.com/users/nakulverma11/followers","following_url":"https://api.github.com/users/nakulverma11/following{/other_user}","gists_url":"https://api.github.com/users/nakulverma11/gists{/gist_id}","starred_url":"https://api.github.com/users/nakulverma11/starred{/owner}{/repo}","subscriptions_url":"https://api.github.com/users/nakulverma11/subscriptions","organizations_url":"https://api.github.com/users/nakulverma11/orgs","repos_url":"https://api.github.com/users/nakulverma11/repos","events_url":"https://api.github.com/users/nakulverma11/events{/privacy}","received_events_url":"https://api.github.com/users/nakulverma11/received_events","type":"User","site_admin":false,"name":null,"company":null,"blog":"","location":null,"email":null,"hireable":null,"bio":null,"twitter_username":null,"public_repos":1,"public_gists":0,"followers":0,"following":0,"created_at":"2023-01-20T09:55:18Z","updated_at":"2023-01-20T10:27:21Z","private_gists":0,"total_private_repos":0,"owned_private_repos":0,"disk_usage":140,"collaborators":0,"two_factor_authentication":false,"plan":{"name":"free","space":976562499,"collaborators":0,"private_repos":10000}}
[info] 
[info] +  Success! Logged into GitHub as nakulverma11 
[info] 
